<?xml version="1.0" encoding="UTF-8"?>
<!-- Generated by org.testng.reporters.JUnitXMLReporter -->
<testsuite hostname="shambhus-MacBook-Air.local" ignored="0" name="Default test" tests="3" failures="0" timestamp="03 Feb 2022 23:29:03 GMT" time="0.062" errors="0">
  <testcase name="add" time="0.017" classname="TestNgPractice.TestNGBasics"/>
  <testcase name="multiply" time="0.003" classname="TestNgPractice.TestNGBasics"/>
  <testcase name="substract" time="0.002" classname="TestNgPractice.TestNGBasics"/>
</testsuite> <!-- Default test -->
