<?xml version="1.0" encoding="UTF-8"?>
<testng-results skipped="0" failed="0" ignored="0" total="3" passed="3">
  <reporter-output>
  </reporter-output>
  <suite name="Default suite" duration-ms="62" started-at="2022-02-03T23:29:02Z" finished-at="2022-02-03T23:29:03Z">
    <groups>
    </groups>
    <test name="Default test" duration-ms="62" started-at="2022-02-03T23:29:02Z" finished-at="2022-02-03T23:29:03Z">
      <class name="TestNgPractice.TestNGBasics">
        <test-method status="PASS" signature="add()[pri:0, instance:TestNgPractice.TestNGBasics@2d928643]" name="add" duration-ms="17" started-at="2022-02-03T23:29:02Z" finished-at="2022-02-03T23:29:02Z">
          <reporter-output>
          </reporter-output>
        </test-method> <!-- add -->
        <test-method status="PASS" signature="multiply()[pri:0, instance:TestNgPractice.TestNGBasics@2d928643]" name="multiply" duration-ms="3" started-at="2022-02-03T23:29:03Z" finished-at="2022-02-03T23:29:03Z">
          <reporter-output>
          </reporter-output>
        </test-method> <!-- multiply -->
        <test-method status="PASS" signature="substract()[pri:0, instance:TestNgPractice.TestNGBasics@2d928643]" name="substract" duration-ms="2" started-at="2022-02-03T23:29:03Z" finished-at="2022-02-03T23:29:03Z">
          <reporter-output>
          </reporter-output>
        </test-method> <!-- substract -->
      </class> <!-- TestNgPractice.TestNGBasics -->
    </test> <!-- Default test -->
  </suite> <!-- Default suite -->
</testng-results>
