<?xml version="1.0" encoding="UTF-8"?>
<testng-results skipped="0" failed="0" ignored="0" total="2" passed="2">
  <reporter-output>
  </reporter-output>
  <suite name="Default suite" duration-ms="18111" started-at="2022-02-21T01:55:35Z" finished-at="2022-02-21T01:55:53Z">
    <groups>
    </groups>
    <test name="Default test" duration-ms="18111" started-at="2022-02-21T01:55:35Z" finished-at="2022-02-21T01:55:53Z">
      <class name="TestNgPractice.GoogleTPageTest">
        <test-method status="PASS" signature="setUP()[pri:0, instance:TestNgPractice.GoogleTPageTest@a67c67e]" name="setUP" is-config="true" duration-ms="14461" started-at="2022-02-21T01:55:35Z" finished-at="2022-02-21T01:55:49Z">
          <reporter-output>
          </reporter-output>
        </test-method> <!-- setUP -->
        <test-method status="PASS" signature="getURL()[pri:0, instance:TestNgPractice.GoogleTPageTest@a67c67e]" name="getURL" is-config="true" duration-ms="2423" started-at="2022-02-21T01:55:49Z" finished-at="2022-02-21T01:55:52Z">
          <reporter-output>
          </reporter-output>
        </test-method> <!-- getURL -->
        <test-method status="PASS" signature="getTitle()[pri:1, instance:TestNgPractice.GoogleTPageTest@a67c67e]" name="getTitle" duration-ms="18" started-at="2022-02-21T01:55:52Z" finished-at="2022-02-21T01:55:52Z">
          <reporter-output>
          </reporter-output>
        </test-method> <!-- getTitle -->
        <test-method status="PASS" signature="getURL()[pri:0, instance:TestNgPractice.GoogleTPageTest@a67c67e]" name="getURL" is-config="true" duration-ms="890" started-at="2022-02-21T01:55:52Z" finished-at="2022-02-21T01:55:53Z">
          <reporter-output>
          </reporter-output>
        </test-method> <!-- getURL -->
        <test-method status="PASS" signature="verifyLogo()[pri:2, instance:TestNgPractice.GoogleTPageTest@a67c67e]" name="verifyLogo" duration-ms="79" started-at="2022-02-21T01:55:53Z" finished-at="2022-02-21T01:55:53Z">
          <reporter-output>
          </reporter-output>
        </test-method> <!-- verifyLogo -->
        <test-method status="PASS" signature="tearDown()[pri:0, instance:TestNgPractice.GoogleTPageTest@a67c67e]" name="tearDown" is-config="true" duration-ms="194" started-at="2022-02-21T01:55:53Z" finished-at="2022-02-21T01:55:53Z">
          <reporter-output>
          </reporter-output>
        </test-method> <!-- tearDown -->
      </class> <!-- TestNgPractice.GoogleTPageTest -->
    </test> <!-- Default test -->
  </suite> <!-- Default suite -->
</testng-results>
